d:\c++kadai\sanmokunarabe\debug\vc142.pdb
d:\c++kadai\sanmokunarabe\debug\vc142.idb
d:\c++kadai\sanmokunarabe\debug\turndisp.obj
d:\c++kadai\sanmokunarabe\debug\timer.obj
d:\c++kadai\sanmokunarabe\debug\sanmokunarabe.obj
d:\c++kadai\sanmokunarabe\debug\resultdisp.obj
d:\c++kadai\sanmokunarabe\debug\gamemanager.obj
d:\c++kadai\sanmokunarabe\debug\gamebase.obj
d:\c++kadai\sanmokunarabe\debug\button.obj
d:\c++kadai\sanmokunarabe\debug\board.obj
d:\c++kadai\sanmokunarabe\debug\battlerecord.obj
d:\c++kadai\sanmokunarabe - コピー\debug\vc142.pdb
d:\c++kadai\sanmokunarabe - コピー\debug\vc142.idb
d:\c++kadai\sanmokunarabe - コピー\debug\sanmokunarabe.obj
d:\c++kadai\sanmokunarabe - コピー\debug\gamemanager.obj
d:\c++kadai\sanmokunarabe - コピー\debug\gamebase.obj
d:\c++kadai\sanmokunarabe - コピー\debug\timer.obj
d:\c++kadai\sanmokunarabe - コピー\debug\button.obj
d:\c++kadai\sanmokunarabe - コピー\debug\turndisp.obj
d:\c++kadai\sanmokunarabe - コピー\debug\resultdispcpp.obj
d:\c++kadai\sanmokunarabe - コピー\debug\board.obj
d:\c++kadai\sanmokunarabe - コピー\debug\battlerecord.obj
d:\c++kadai\sanmokunarabe - コピー\debug\sanmokunarabe.exe
d:\c++kadai\sanmokunarabe - コピー\debug\sanmokunarabe.ilk
d:\c++kadai\sanmokunarabe - コピー\debug\sanmokunarabe.pdb
d:\c++kadai\sanmokunarabe - コピー - コピー\debug\battlerecord.obj
d:\c++kadai\sanmokunarabe - コピー - コピー\debug\board.obj
d:\c++kadai\sanmokunarabe - コピー - コピー\debug\button.obj
d:\c++kadai\sanmokunarabe - コピー - コピー\debug\gamebase.obj
d:\c++kadai\sanmokunarabe - コピー - コピー\debug\gamemanager.obj
d:\c++kadai\sanmokunarabe - コピー - コピー\debug\resultdisp.obj
d:\c++kadai\sanmokunarabe - コピー - コピー\debug\resultdispcpp.obj
d:\c++kadai\sanmokunarabe - コピー - コピー\debug\sanmokunarabe.obj
d:\c++kadai\sanmokunarabe - コピー - コピー\debug\timer.obj
d:\c++kadai\sanmokunarabe - コピー - コピー\debug\turndisp.obj
d:\c++kadai\sanmokunarabe - コピー - コピー\debug\sanmokunarabe.ilk
d:\c++kadai\sanmokunarabe - コピー - コピー\debug\vc142.idb
d:\c++kadai\sanmokunarabe - コピー - コピー\debug\sanmokunarabe.pdb
d:\c++kadai\sanmokunarabe - コピー - コピー\debug\vc142.pdb
d:\c++kadai\sanmokunarabe - コピー - コピー\debug\sanmokunarabe.exe
d:\c++kadai\sanmokunarabe - コピー - コピー\debug\sanmokunarabe.tlog\cl.command.1.tlog
d:\c++kadai\sanmokunarabe - コピー - コピー\debug\sanmokunarabe.tlog\cl.read.1.tlog
d:\c++kadai\sanmokunarabe - コピー - コピー\debug\sanmokunarabe.tlog\cl.write.1.tlog
d:\c++kadai\sanmokunarabe - コピー - コピー\debug\sanmokunarabe.tlog\link.command.1.tlog
d:\c++kadai\sanmokunarabe - コピー - コピー\debug\sanmokunarabe.tlog\link.read.1.tlog
d:\c++kadai\sanmokunarabe - コピー - コピー\debug\sanmokunarabe.tlog\link.write.1.tlog
