  BattleRecord.cpp
C:\DxLib_VC\プロジェクトに追加すべきファイル_VC用\DxFunctionWin.h(266,1): warning C4010: 単一行コメント (//) に、行連結文字があります。
  Board.cpp
C:\DxLib_VC\プロジェクトに追加すべきファイル_VC用\DxFunctionWin.h(266,1): warning C4010: 単一行コメント (//) に、行連結文字があります。
  Button.cpp
C:\DxLib_VC\プロジェクトに追加すべきファイル_VC用\DxFunctionWin.h(266,1): warning C4010: 単一行コメント (//) に、行連結文字があります。
  GameBase.cpp
C:\DxLib_VC\プロジェクトに追加すべきファイル_VC用\DxFunctionWin.h(266,1): warning C4010: 単一行コメント (//) に、行連結文字があります。
  GameManager.cpp
C:\DxLib_VC\プロジェクトに追加すべきファイル_VC用\DxFunctionWin.h(266,1): warning C4010: 単一行コメント (//) に、行連結文字があります。
  ResultDispcpp.cpp
C:\DxLib_VC\プロジェクトに追加すべきファイル_VC用\DxFunctionWin.h(266,1): warning C4010: 単一行コメント (//) に、行連結文字があります。
  Sanmokunarabe.cpp
C:\DxLib_VC\プロジェクトに追加すべきファイル_VC用\DxFunctionWin.h(266,1): warning C4010: 単一行コメント (//) に、行連結文字があります。
  Timer.cpp
C:\DxLib_VC\プロジェクトに追加すべきファイル_VC用\DxFunctionWin.h(266,1): warning C4010: 単一行コメント (//) に、行連結文字があります。
  TurnDisp.cpp
C:\DxLib_VC\プロジェクトに追加すべきファイル_VC用\DxFunctionWin.h(266,1): warning C4010: 単一行コメント (//) に、行連結文字があります。
  コード生成しています。
  Previous IPDB not found, fall back to full compilation.
  All 47 functions were compiled because no usable IPDB/IOBJ from previous compilation was found.
  コード生成が終了しました。
  Sanmokunarabe.vcxproj -> D:\c++の課題\Sanmokunarabe\Release\Sanmokunarabe.exe
