d:\c++の課題\sanmokunarabe_copy\release\vc142.pdb
d:\c++の課題\sanmokunarabe_copy\release\turndisp.obj
d:\c++の課題\sanmokunarabe_copy\release\timer.obj
d:\c++の課題\sanmokunarabe_copy\release\sanmokunarabe.obj
d:\c++の課題\sanmokunarabe_copy\release\resultdispcpp.obj
d:\c++の課題\sanmokunarabe_copy\release\gamemanager.obj
d:\c++の課題\sanmokunarabe_copy\release\gamebase.obj
d:\c++の課題\sanmokunarabe_copy\release\button.obj
d:\c++の課題\sanmokunarabe_copy\release\board.obj
d:\c++の課題\sanmokunarabe_copy\release\battlerecord.obj
d:\c++の課題\sanmokunarabe_copy\bin\sanmokunarabe.exe
d:\c++の課題\sanmokunarabe_copy\bin\sanmokunarabe.pdb
d:\c++の課題\sanmokunarabe_copy\release\sanmokunarabe.exe
d:\c++の課題\sanmokunarabe_copy\release\sanmokunarabe.pdb
d:\c++の課題\sanmokunarabe_copy\bin\sanmokunarabe.ipdb
d:\c++の課題\sanmokunarabe_copy\bin\sanmokunarabe.iobj
d:\c++の課題\sanmokunarabe_copy\release\sanmokunarabe.ipdb
d:\c++の課題\sanmokunarabe_copy\release\sanmokunarabe.iobj
d:\c++の課題\sanmokunarabe\release\battlerecord.obj
d:\c++の課題\sanmokunarabe\release\board.obj
d:\c++の課題\sanmokunarabe\release\button.obj
d:\c++の課題\sanmokunarabe\release\gamebase.obj
d:\c++の課題\sanmokunarabe\release\gamemanager.obj
d:\c++の課題\sanmokunarabe\release\resultdispcpp.obj
d:\c++の課題\sanmokunarabe\release\sanmokunarabe.obj
d:\c++の課題\sanmokunarabe\release\timer.obj
d:\c++の課題\sanmokunarabe\release\turndisp.obj
d:\c++の課題\sanmokunarabe\release\sanmokunarabe.ipdb
d:\c++の課題\sanmokunarabe\release\sanmokunarabe.iobj
d:\c++の課題\sanmokunarabe\release\sanmokunarabe.pdb
d:\c++の課題\sanmokunarabe\release\vc142.pdb
d:\c++の課題\sanmokunarabe\release\sanmokunarabe.exe
d:\c++の課題\sanmokunarabe\release\sanmokunarabe.tlog\cl.command.1.tlog
d:\c++の課題\sanmokunarabe\release\sanmokunarabe.tlog\cl.read.1.tlog
d:\c++の課題\sanmokunarabe\release\sanmokunarabe.tlog\cl.write.1.tlog
d:\c++の課題\sanmokunarabe\release\sanmokunarabe.tlog\link.command.1.tlog
d:\c++の課題\sanmokunarabe\release\sanmokunarabe.tlog\link.read.1.tlog
d:\c++の課題\sanmokunarabe\release\sanmokunarabe.tlog\link.write.1.tlog
d:\c++の課題\sanmokunarabe\release\sanmokunarabe.tlog\sanmokunarabe.write.1u.tlog
